<?xml version="1.0" encoding="UTF-8"?>
<!-- Generated by org.testng.reporters.JUnitXMLReporter -->
<testsuite ignored="0" hostname="Rahul" failures="1" tests="2" name="Error Validations Test" time="16.816" errors="0" timestamp="2026-08-25T15:47:37 IST">
  <testcase classname="rahul.tests.ErrorValidationsTest" name="LoginErrorValidation" time="0.232">
    <skipped/>
  </testcase> <!-- LoginErrorValidation -->
  <testcase classname="rahul.tests.ErrorValidationsTest" name="LoginErrorValidation" time="0.186">
    <failure type="java.lang.AssertionError" message="expected [Incorrect email or password.] but found [Incorrect email password.]">
      <![CDATA[java.lang.AssertionError: expected [Incorrect email or password.] but found [Incorrect email password.]
at rahul.tests.ErrorValidationsTest.LoginErrorValidation(ErrorValidationsTest.java:35)
at java.base/java.util.ArrayList.forEach(ArrayList.java:1596)
at java.base/java.util.concurrent.FutureTask.run(FutureTask.java:317)
at java.base/java.util.concurrent.ThreadPoolExecutor.runWorker(ThreadPoolExecutor.java:1144)
at java.base/java.util.concurrent.ThreadPoolExecutor$Worker.run(ThreadPoolExecutor.java:642)
at java.base/java.lang.Thread.run(Thread.java:1583)
... Removed 21 stack frames]]>
    </failure>
  </testcase> <!-- LoginErrorValidation -->
</testsuite> <!-- Error Validations Test -->
