<?xml version="1.0" encoding="UTF-8"?>
<!-- Generated by org.testng.reporters.JUnitXMLReporter -->
<testsuite ignored="0" hostname="Rahul" failures="0" tests="3" name="Submit Order Test" time="14.314" errors="0" timestamp="2026-08-25T15:47:35 IST">
  <testcase classname="rahul.tests.SubmitOrderTest" name="submitOrder" time="3.092"/>
  <testcase classname="rahul.tests.SubmitOrderTest" name="submitOrder" time="2.912"/>
  <testcase classname="rahul.tests.SubmitOrderTest" name="OrderHistoryTest" time="0.558"/>
</testsuite> <!-- Submit Order Test -->
