<?xml version="1.0" encoding="UTF-8"?>
<!-- Generated by org.testng.reporters.JUnitXMLReporter -->
<testsuite ignored="0" hostname="Rahul" failures="0" tests="2" name="Error Validations Test" time="10.371" errors="0" timestamp="2026-08-25T21:30:22 IST">
  <testcase classname="rahul.tests.ErrorValidationsTest" name="LoginErrorValidation" time="0.209"/>
  <testcase classname="rahul.tests.ErrorValidationsTest" name="productErrorValidation" time="4.698"/>
</testsuite> <!-- Error Validations Test -->
