<?xml version="1.0" encoding="UTF-8"?>
<!-- Generated by org.testng.reporters.JUnitXMLReporter -->
<testsuite ignored="0" hostname="Rahul" failures="0" tests="3" name="Submit Order Test" time="24.826" errors="0" timestamp="2026-08-25T21:30:36 IST">
  <testcase classname="rahul.tests.SubmitOrderTest" name="submitOrder" time="5.725"/>
  <testcase classname="rahul.tests.SubmitOrderTest" name="submitOrder" time="5.489"/>
  <testcase classname="rahul.tests.SubmitOrderTest" name="OrderHistoryTest" time="0.708"/>
</testsuite> <!-- Submit Order Test -->
