<?xml version="1.0" encoding="UTF-8"?>
<!-- Generated by org.testng.reporters.JUnitReportReporter -->
<testsuite hostname="Rahul" failures="0" tests="3" name="rahul.tests.SubmitOrderTest" time="16.206" errors="0" timestamp="2026-08-25T20:03:45 IST" skipped="0">
  <testcase classname="rahul.tests.SubmitOrderTest" name="OrderHistoryTest" time="1.725"/>
  <testcase classname="rahul.tests.SubmitOrderTest" name="submitOrder" time="10.216"/>
  <testcase classname="rahul.tests.SubmitOrderTest" name="submitOrder" time="4.265"/>
</testsuite> <!-- rahul.tests.SubmitOrderTest -->
