<?xml version="1.0" encoding="UTF-8"?>
<!-- Generated by org.testng.reporters.JUnitReportReporter -->
<testsuite hostname="Rahul" failures="0" tests="3" name="rahul.tests.SubmitOrderTest" time="24.699" errors="0" timestamp="2026-08-25T21:30:36 IST" skipped="0">
  <testcase classname="rahul.tests.SubmitOrderTest" name="submitOrder" time="11.893"/>
  <testcase classname="rahul.tests.SubmitOrderTest" name="submitOrder" time="8.656"/>
  <testcase classname="rahul.tests.SubmitOrderTest" name="OrderHistoryTest" time="4.150"/>
</testsuite> <!-- rahul.tests.SubmitOrderTest -->
