<?xml version="1.0" encoding="UTF-8"?>
<!-- Generated by org.testng.reporters.JUnitReportReporter -->
<testsuite hostname="Rahul" failures="0" tests="2" name="rahul.tests.ErrorValidationsTest" time="10.344" errors="0" timestamp="2026-08-25T21:30:36 IST" skipped="0">
  <testcase classname="rahul.tests.ErrorValidationsTest" name="LoginErrorValidation" time="2.798"/>
  <testcase classname="rahul.tests.ErrorValidationsTest" name="productErrorValidation" time="7.546"/>
</testsuite> <!-- rahul.tests.ErrorValidationsTest -->
